<?xml version="1.0" encoding="UTF-8"?>
<testsuite name="ptkit.LibraryTest" tests="1" skipped="0" failures="0" errors="0" timestamp="2021-02-20T12:57:36" hostname="cem-x1" time="0.024">
  <properties/>
  <testcase name="testSomeLibraryMethod" classname="ptkit.LibraryTest" time="0.024"/>
  <system-out><![CDATA[]]></system-out>
  <system-err><![CDATA[]]></system-err>
</testsuite>
